2024-06-02 00:27:20.901  INFO ${sys} --- [           main] r.k.d.DesktopApplication                 : Application start 
[2m2024-06-02 00:27:21.766[0;39m [32m INFO[0;39m [35m${sys}[0;39m [2m---[0;39m [2m[JavaFX-Launcher][0;39m [36mo.s.b.SpringApplication                 [0;39m [2m:[0;39m Starting application using Java 17.0.9 with PID 31652 (started by jahng in G:\work.now\projects\outsource\ticket-place)
[2m2024-06-02 00:27:21.767[0;39m [32m INFO[0;39m [35m${sys}[0;39m [2m---[0;39m [2m[JavaFX-Launcher][0;39m [36mo.s.b.SpringApplication                 [0;39m [2m:[0;39m No active profile set, falling back to 1 default profile: "default"
[2m2024-06-02 00:27:22.258[0;39m [32m INFO[0;39m [35m${sys}[0;39m [2m---[0;39m [2m[JavaFX-Launcher][0;39m [36m.s.d.r.c.RepositoryConfigurationDelegate[0;39m [2m:[0;39m Multiple Spring Data modules found, entering strict repository configuration mode
[2m2024-06-02 00:27:22.260[0;39m [32m INFO[0;39m [35m${sys}[0;39m [2m---[0;39m [2m[JavaFX-Launcher][0;39m [36m.s.d.r.c.RepositoryConfigurationDelegate[0;39m [2m:[0;39m Bootstrapping Spring Data JDBC repositories in DEFAULT mode.
[2m2024-06-02 00:27:22.292[0;39m [32m INFO[0;39m [35m${sys}[0;39m [2m---[0;39m [2m[JavaFX-Launcher][0;39m [36m.RepositoryConfigurationExtensionSupport[0;39m [2m:[0;39m Spring Data JDBC - Could not safely identify store assignment for repository candidate interface ru.kidesoft.desktop.domain.dao.database.ConstantRepository; If you want this repository to be a JDBC repository, consider annotating your entities with one of these annotations: org.springframework.data.relational.core.mapping.Table.
[2m2024-06-02 00:27:22.294[0;39m [32m INFO[0;39m [35m${sys}[0;39m [2m---[0;39m [2m[JavaFX-Launcher][0;39m [36m.RepositoryConfigurationExtensionSupport[0;39m [2m:[0;39m Spring Data JDBC - Could not safely identify store assignment for repository candidate interface ru.kidesoft.desktop.domain.dao.database.LoginRepository; If you want this repository to be a JDBC repository, consider annotating your entities with one of these annotations: org.springframework.data.relational.core.mapping.Table.
[2m2024-06-02 00:27:22.295[0;39m [32m INFO[0;39m [35m${sys}[0;39m [2m---[0;39m [2m[JavaFX-Launcher][0;39m [36m.s.d.r.c.RepositoryConfigurationDelegate[0;39m [2m:[0;39m Finished Spring Data repository scanning in 29 ms. Found 0 JDBC repository interfaces.
[2m2024-06-02 00:27:22.313[0;39m [32m INFO[0;39m [35m${sys}[0;39m [2m---[0;39m [2m[JavaFX-Launcher][0;39m [36m.s.d.r.c.RepositoryConfigurationDelegate[0;39m [2m:[0;39m Multiple Spring Data modules found, entering strict repository configuration mode
[2m2024-06-02 00:27:22.314[0;39m [32m INFO[0;39m [35m${sys}[0;39m [2m---[0;39m [2m[JavaFX-Launcher][0;39m [36m.s.d.r.c.RepositoryConfigurationDelegate[0;39m [2m:[0;39m Bootstrapping Spring Data JPA repositories in DEFAULT mode.
[2m2024-06-02 00:27:22.343[0;39m [32m INFO[0;39m [35m${sys}[0;39m [2m---[0;39m [2m[JavaFX-Launcher][0;39m [36m.s.d.r.c.RepositoryConfigurationDelegate[0;39m [2m:[0;39m Finished Spring Data repository scanning in 25 ms. Found 2 JPA repository interfaces.
[2m2024-06-02 00:27:22.913[0;39m [32m INFO[0;39m [35m${sys}[0;39m [2m---[0;39m [2m[JavaFX-Launcher][0;39m [36mc.z.h.HikariDataSource                  [0;39m [2m:[0;39m HikariPool-1 - Starting...
[2m2024-06-02 00:27:23.171[0;39m [32m INFO[0;39m [35m${sys}[0;39m [2m---[0;39m [2m[JavaFX-Launcher][0;39m [36mc.z.h.p.HikariPool                      [0;39m [2m:[0;39m HikariPool-1 - Added connection conn0: url=jdbc:h2:./data/db/ticketplace user=H2
[2m2024-06-02 00:27:23.174[0;39m [32m INFO[0;39m [35m${sys}[0;39m [2m---[0;39m [2m[JavaFX-Launcher][0;39m [36mc.z.h.HikariDataSource                  [0;39m [2m:[0;39m HikariPool-1 - Start completed.
[2m2024-06-02 00:27:23.243[0;39m [32m INFO[0;39m [35m${sys}[0;39m [2m---[0;39m [2m[JavaFX-Launcher][0;39m [36mo.f.c.FlywayExecutor                    [0;39m [2m:[0;39m Database: jdbc:h2:./data/db/ticketplace (H2 2.2)
[2m2024-06-02 00:27:23.255[0;39m [33m WARN[0;39m [35m${sys}[0;39m [2m---[0;39m [2m[JavaFX-Launcher][0;39m [36mo.f.c.i.d.b.Database                    [0;39m [2m:[0;39m Flyway upgrade recommended: H2 2.2.224 is newer than this version of Flyway and support has not been tested. The latest supported version of H2 is 2.2.220.
[2m2024-06-02 00:27:23.307[0;39m [32m INFO[0;39m [35m${sys}[0;39m [2m---[0;39m [2m[JavaFX-Launcher][0;39m [36mo.f.c.i.c.DbValidate                    [0;39m [2m:[0;39m Successfully validated 1 migration (execution time 00:00.039s)
[2m2024-06-02 00:27:23.321[0;39m [32m INFO[0;39m [35m${sys}[0;39m [2m---[0;39m [2m[JavaFX-Launcher][0;39m [36mo.f.c.i.c.DbMigrate                     [0;39m [2m:[0;39m Current version of schema "PUBLIC": 1.0.0
[2m2024-06-02 00:27:23.329[0;39m [32m INFO[0;39m [35m${sys}[0;39m [2m---[0;39m [2m[JavaFX-Launcher][0;39m [36mo.f.c.i.c.DbMigrate                     [0;39m [2m:[0;39m Schema "PUBLIC" is up to date. No migration necessary.
[2m2024-06-02 00:27:23.470[0;39m [32m INFO[0;39m [35m${sys}[0;39m [2m---[0;39m [2m[JavaFX-Launcher][0;39m [36mo.h.j.i.u.LogHelper                     [0;39m [2m:[0;39m HHH000204: Processing PersistenceUnitInfo [name: default]
[2m2024-06-02 00:27:23.566[0;39m [32m INFO[0;39m [35m${sys}[0;39m [2m---[0;39m [2m[JavaFX-Launcher][0;39m [36mo.h.Version                             [0;39m [2m:[0;39m HHH000412: Hibernate ORM core version 6.5.2.Final
[2m2024-06-02 00:27:23.620[0;39m [32m INFO[0;39m [35m${sys}[0;39m [2m---[0;39m [2m[JavaFX-Launcher][0;39m [36mo.h.c.i.RegionFactoryInitiator          [0;39m [2m:[0;39m HHH000026: Second-level cache disabled
[2m2024-06-02 00:27:24.081[0;39m [32m INFO[0;39m [35m${sys}[0;39m [2m---[0;39m [2m[JavaFX-Launcher][0;39m [36mo.s.o.j.p.SpringPersistenceUnitInfo     [0;39m [2m:[0;39m No LoadTimeWeaver setup: ignoring JPA class transformer
[2m2024-06-02 00:27:24.143[0;39m [33m WARN[0;39m [35m${sys}[0;39m [2m---[0;39m [2m[JavaFX-Launcher][0;39m [36mo.h.o.deprecation                       [0;39m [2m:[0;39m HHH90000025: H2Dialect does not need to be specified explicitly using 'hibernate.dialect' (remove the property setting and it will be selected by default)
[2m2024-06-02 00:27:25.129[0;39m [32m INFO[0;39m [35m${sys}[0;39m [2m---[0;39m [2m[JavaFX-Launcher][0;39m [36mo.h.e.t.j.p.i.JtaPlatformInitiator      [0;39m [2m:[0;39m HHH000489: No JTA platform available (set 'hibernate.transaction.jta.platform' to enable JTA platform integration)
[2m2024-06-02 00:27:25.133[0;39m [32m INFO[0;39m [35m${sys}[0;39m [2m---[0;39m [2m[JavaFX-Launcher][0;39m [36mj.LocalContainerEntityManagerFactoryBean[0;39m [2m:[0;39m Initialized JPA EntityManagerFactory for persistence unit 'default'
[2m2024-06-02 00:27:25.795[0;39m [32m INFO[0;39m [35m${sys}[0;39m [2m---[0;39m [2m[JavaFX-Launcher][0;39m [36mo.s.b.SpringApplication                 [0;39m [2m:[0;39m Started application in 4.416 seconds (process running for 6.212)
[2m2024-06-02 00:27:26.108[0;39m [33m WARN[0;39m [35m${sys}[0;39m [2m---[0;39m [2m[lication Thread][0;39m [36mjavafx                                  [0;39m [2m:[0;39m Loading FXML document with JavaFX API of version 22 by JavaFX runtime of version 17.0.11
[2m2024-06-02 00:27:27.182[0;39m [33m WARN[0;39m [35m${sys}[0;39m [2m---[0;39m [2m[lication Thread][0;39m [36mjavafx                                  [0;39m [2m:[0;39m Loading FXML document with JavaFX API of version 22 by JavaFX runtime of version 17.0.11
[2m2024-06-02 00:27:30.394[0;39m [32m INFO[0;39m [35m${sys}[0;39m [2m---[0;39m [2m[lication Thread][0;39m [36mj.LocalContainerEntityManagerFactoryBean[0;39m [2m:[0;39m Closing JPA EntityManagerFactory for persistence unit 'default'
[2m2024-06-02 00:27:30.399[0;39m [32m INFO[0;39m [35m${sys}[0;39m [2m---[0;39m [2m[lication Thread][0;39m [36mc.z.h.HikariDataSource                  [0;39m [2m:[0;39m HikariPool-1 - Shutdown initiated...
[2m2024-06-02 00:27:30.608[0;39m [32m INFO[0;39m [35m${sys}[0;39m [2m---[0;39m [2m[lication Thread][0;39m [36mc.z.h.HikariDataSource                  [0;39m [2m:[0;39m HikariPool-1 - Shutdown completed.
